
bb_init()
    conn:
    proto_major = 7
    proto_minor = 38
    async_read = 1
    max_write = 131072
    max_readahead = 131072
    capable = 00000ffb
    want = 00000010
    max_background = 0
    congestion_threshold = 0
    context:
    fuse = bc6857c0
    uid = 0
    gid = 0
    pid = 0
    private_data = bc6852a0
    logfile = bc685310
    rootdir = /home/asmita/OSLab2/asmitafileio/localroot
    remotehostname = nandihill
    remoteIP = 192.168.10.223
    umask = 00000

bb_access(path="/", mask=04)
    bb_fullpath:  rootdir = "/home/asmita/OSLab2/asmitafileio/localroot", path = "/", fpath = "/home/asmita/OSLab2/asmitafileio/localroot/"

bb_getattr(path="/.Trash", statbuf=0x473feba0)
    bb_fullpath:  rootdir = "/home/asmita/OSLab2/asmitafileio/localroot", path = "/.Trash", fpath = "/home/asmita/OSLab2/asmitafileio/localroot/.Trash"
    lstat returned -1
    ERROR lstat: No such file or directory
    si:
    st_dev = 0
    st_ino = 0
    st_mode = 00
    st_nlink = 0
    st_uid = 0
    st_gid = 0
    st_rdev = 0
    st_size = 0
    st_blksize = 0
    st_blocks = 0
    st_atime = 0x00000000
    st_mtime = 0x00000000
    st_ctime = 0x00000000

bb_getattr(path="/.Trash-1000", statbuf=0x46bfdba0)
    bb_fullpath:  rootdir = "/home/asmita/OSLab2/asmitafileio/localroot", path = "/.Trash-1000", fpath = "/home/asmita/OSLab2/asmitafileio/localroot/.Trash-1000"
    lstat returned -1
    ERROR lstat: No such file or directory
    si:
    st_dev = 0
    st_ino = 0
    st_mode = 00
    st_nlink = 0
    st_uid = 0
    st_gid = 0
    st_rdev = 0
    st_size = 0
    st_blksize = 0
    st_blocks = 0
    st_atime = 0x00000000
    st_mtime = 0x00000000
    st_ctime = 0x00000000

bb_access(path="/", mask=01)
    bb_fullpath:  rootdir = "/home/asmita/OSLab2/asmitafileio/localroot", path = "/", fpath = "/home/asmita/OSLab2/asmitafileio/localroot/"

bb_getattr(path="/foo", statbuf=0x46bfdba0)
    bb_fullpath:  rootdir = "/home/asmita/OSLab2/asmitafileio/localroot", path = "/foo", fpath = "/home/asmita/OSLab2/asmitafileio/localroot/foo"
    lstat returned 0
    si:
    st_dev = 66310
    st_ino = 20976095
    st_mode = 0100664
    st_nlink = 1
    st_uid = 1000
    st_gid = 1000
    st_rdev = 0
    st_size = 12
    st_blksize = 4096
    st_blocks = 8
    st_atime = 0x652a2b85
    st_mtime = 0x652b4fcd
    st_ctime = 0x652b4fcd

bb_open(path"/foo", fi=0x473fec50)
    bb_fullpath:  rootdir = "/home/asmita/OSLab2/asmitafileio/localroot", path = "/foo", fpath = "/home/asmita/OSLab2/asmitafileio/localroot/foo"
    open returned 5
    fi:
    flags = 0x00008002
    fh_old = 0x00000000
    writepage = 0
    direct_io = 0
    keep_cache = 0
    fh = 0x0000000000000005
    lock_owner = 0x0000000000000000

bb_open(path"/foo", fi=0x46bfdc50)
    bb_fullpath:  rootdir = "/home/asmita/OSLab2/asmitafileio/localroot", path = "/foo", fpath = "/home/asmita/OSLab2/asmitafileio/localroot/foo"
    open returned 6
    fi:
    flags = 0x00008000
    fh_old = 0x00000000
    writepage = 0
    direct_io = 0
    keep_cache = 0
    fh = 0x0000000000000006
    lock_owner = 0x0000000000000000

bb_getxattr(path = "/foo", name = "security.capability", value = 0x00000000, size = 0)
    bb_fullpath:  rootdir = "/home/asmita/OSLab2/asmitafileio/localroot", path = "/foo", fpath = "/home/asmita/OSLab2/asmitafileio/localroot/foo"
    lgetxattr returned -1
    ERROR lgetxattr: No data available

bb_write(path="/foo", buf=0x47773060, size=100, offset=0, fi=0x46bfdcb0)
    fi:
    flags = 0x00008002
    fh_old = 0x00000005
    writepage = 0
    direct_io = 0
    keep_cache = 0
    fh = 0x0000000000000005
    lock_owner = 0x0000000000000000
    pwrite returned 100

bb_flush(path="/foo", fi=0x473fec50)
    fi:
    flags = 0x00000000
    fh_old = 0x00000005
    writepage = 0
    direct_io = 0
    keep_cache = 0
    fh = 0x0000000000000005
    lock_owner = 0x60536144c6f79785

bb_release(path="/foo", fi=0x46bfdc50)
    fi:
    flags = 0x00008002
    fh_old = 0x00000005
    writepage = 0
    direct_io = 0
    keep_cache = 0
    fh = 0x0000000000000005
    lock_owner = 0x0000000000000000
    close returned 0

bb_read(path="/foo", buf=0x400023d0, size=4096, offset=0, fi=0x473fec50)
    fi:
    flags = 0x00008000
    fh_old = 0x00000006
    writepage = 0
    direct_io = 0
    keep_cache = 0
    fh = 0x0000000000000006
    lock_owner = 0x0000000000000000
    pread returned 100

bb_flush(path="/foo", fi=0x463fcc50)
    fi:
    flags = 0x00000000
    fh_old = 0x00000006
    writepage = 0
    direct_io = 0
    keep_cache = 0
    fh = 0x0000000000000006
    lock_owner = 0x60536144c6f79785

bb_release(path="/foo", fi=0x46bfdc50)
    fi:
    flags = 0x00008000
    fh_old = 0x00000006
    writepage = 0
    direct_io = 0
    keep_cache = 0
    fh = 0x0000000000000006
    lock_owner = 0x0000000000000000
    close returned 0

bb_getattr(path="/.xdg-volume-info", statbuf=0x473feba0)
    bb_fullpath:  rootdir = "/home/asmita/OSLab2/asmitafileio/localroot", path = "/.xdg-volume-info", fpath = "/home/asmita/OSLab2/asmitafileio/localroot/.xdg-volume-info"
    lstat returned -1
    ERROR lstat: No such file or directory
    si:
    st_dev = 0
    st_ino = 0
    st_mode = 00
    st_nlink = 0
    st_uid = 0
    st_gid = 0
    st_rdev = 0
    st_size = 0
    st_blksize = 0
    st_blocks = 0
    st_atime = 0x00000000
    st_mtime = 0x00000000
    st_ctime = 0x00000000

bb_getattr(path="/autorun.inf", statbuf=0x463fcba0)
    bb_fullpath:  rootdir = "/home/asmita/OSLab2/asmitafileio/localroot", path = "/autorun.inf", fpath = "/home/asmita/OSLab2/asmitafileio/localroot/autorun.inf"
    lstat returned -1
    ERROR lstat: No such file or directory
    si:
    st_dev = 0
    st_ino = 0
    st_mode = 00
    st_nlink = 0
    st_uid = 0
    st_gid = 0
    st_rdev = 0
    st_size = 0
    st_blksize = 0
    st_blocks = 0
    st_atime = 0x00000000
    st_mtime = 0x00000000
    st_ctime = 0x00000000

bb_opendir(path="/", fi=0x46bfdb90)
    bb_fullpath:  rootdir = "/home/asmita/OSLab2/asmitafileio/localroot", path = "/", fpath = "/home/asmita/OSLab2/asmitafileio/localroot/"
    opendir returned 0x0x7fa9380011c0
    fi:
    flags = 0x00018800
    fh_old = 0x00000000
    writepage = 0
    direct_io = 0
    keep_cache = 0
    fh = 0x00007fa9380011c0
    lock_owner = 0x0000000000000000

bb_getattr(path="/", statbuf=0x473feb70)
    bb_fullpath:  rootdir = "/home/asmita/OSLab2/asmitafileio/localroot", path = "/", fpath = "/home/asmita/OSLab2/asmitafileio/localroot/"
    lstat returned 0
    si:
    st_dev = 66310
    st_ino = 20983033
    st_mode = 040775
    st_nlink = 2
    st_uid = 1000
    st_gid = 1000
    st_rdev = 0
    st_size = 4096
    st_blksize = 4096
    st_blocks = 8
    st_atime = 0x652a25e7
    st_mtime = 0x652a25e5
    st_ctime = 0x652a25e5

bb_readdir(path="/", buf=0x38001140, filler=0x477c3ac0, offset=0, fi=0x463fcb90)
    readdir returned 0x0x7fa9380011f0
calling filler with name foo
calling filler with name .
calling filler with name ..
    fi:
    flags = 0x00000000
    fh_old = 0x7fa9380011c0
    writepage = 0
    direct_io = 0
    keep_cache = 0
    fh = 0x00007fa9380011c0
    lock_owner = 0x0000000000000000

bb_getattr(path="/foo", statbuf=0x473feb70)
    bb_fullpath:  rootdir = "/home/asmita/OSLab2/asmitafileio/localroot", path = "/foo", fpath = "/home/asmita/OSLab2/asmitafileio/localroot/foo"
    lstat returned 0
    si:
    st_dev = 66310
    st_ino = 20976095
    st_mode = 0100664
    st_nlink = 1
    st_uid = 1000
    st_gid = 1000
    st_rdev = 0
    st_size = 100
    st_blksize = 4096
    st_blocks = 8
    st_atime = 0x652b4fcd
    st_mtime = 0x652b4fcd
    st_ctime = 0x652b4fcd

bb_releasedir(path="/", fi=0x46bfdb90)
    fi:
    flags = 0x00000000
    fh_old = 0x7fa9380011c0
    writepage = 0
    direct_io = 0
    keep_cache = 0
    fh = 0x00007fa9380011c0
    lock_owner = 0x0000000000000000

bb_opendir(path="/", fi=0x46bfdb90)
    bb_fullpath:  rootdir = "/home/asmita/OSLab2/asmitafileio/localroot", path = "/", fpath = "/home/asmita/OSLab2/asmitafileio/localroot/"
    opendir returned 0x0x7fa938001240
    fi:
    flags = 0x00018800
    fh_old = 0x00000000
    writepage = 0
    direct_io = 0
    keep_cache = 0
    fh = 0x00007fa938001240
    lock_owner = 0x0000000000000000

bb_getattr(path="/", statbuf=0x463fcb70)
    bb_fullpath:  rootdir = "/home/asmita/OSLab2/asmitafileio/localroot", path = "/", fpath = "/home/asmita/OSLab2/asmitafileio/localroot/"
    lstat returned 0
    si:
    st_dev = 66310
    st_ino = 20983033
    st_mode = 040775
    st_nlink = 2
    st_uid = 1000
    st_gid = 1000
    st_rdev = 0
    st_size = 4096
    st_blksize = 4096
    st_blocks = 8
    st_atime = 0x652a25e7
    st_mtime = 0x652a25e5
    st_ctime = 0x652a25e5

bb_readdir(path="/", buf=0x380011c0, filler=0x477c3ac0, offset=0, fi=0x473feb90)
    readdir returned 0x0x7fa938001270
calling filler with name foo
calling filler with name .
calling filler with name ..
    fi:
    flags = 0x00000000
    fh_old = 0x7fa938001240
    writepage = 0
    direct_io = 0
    keep_cache = 0
    fh = 0x00007fa938001240
    lock_owner = 0x0000000000000000

bb_releasedir(path="/", fi=0x473feb90)
    fi:
    flags = 0x00000000
    fh_old = 0x7fa938001240
    writepage = 0
    direct_io = 0
    keep_cache = 0
    fh = 0x00007fa938001240
    lock_owner = 0x0000000000000000

bb_opendir(path="/", fi=0x473feb90)
    bb_fullpath:  rootdir = "/home/asmita/OSLab2/asmitafileio/localroot", path = "/", fpath = "/home/asmita/OSLab2/asmitafileio/localroot/"
    opendir returned 0x0x7fa9400028f0
    fi:
    flags = 0x00018800
    fh_old = 0x00000000
    writepage = 0
    direct_io = 0
    keep_cache = 0
    fh = 0x00007fa9400028f0
    lock_owner = 0x0000000000000000

bb_getattr(path="/", statbuf=0x463fcb70)
    bb_fullpath:  rootdir = "/home/asmita/OSLab2/asmitafileio/localroot", path = "/", fpath = "/home/asmita/OSLab2/asmitafileio/localroot/"
    lstat returned 0
    si:
    st_dev = 66310
    st_ino = 20983033
    st_mode = 040775
    st_nlink = 2
    st_uid = 1000
    st_gid = 1000
    st_rdev = 0
    st_size = 4096
    st_blksize = 4096
    st_blocks = 8
    st_atime = 0x652a25e7
    st_mtime = 0x652a25e5
    st_ctime = 0x652a25e5

bb_readdir(path="/", buf=0x40002870, filler=0x477c3ac0, offset=0, fi=0x46bfdb90)
    readdir returned 0x0x7fa940002920
calling filler with name foo
calling filler with name .
calling filler with name ..
    fi:
    flags = 0x00000000
    fh_old = 0x7fa9400028f0
    writepage = 0
    direct_io = 0
    keep_cache = 0
    fh = 0x00007fa9400028f0
    lock_owner = 0x0000000000000000

bb_opendir(path="/", fi=0x473feb90)
    bb_fullpath:  rootdir = "/home/asmita/OSLab2/asmitafileio/localroot", path = "/", fpath = "/home/asmita/OSLab2/asmitafileio/localroot/"

bb_releasedir(path="/", fi=0x46bfdb90)
    fi:
    flags = 0x00000000
    fh_old = 0x7fa9400028f0
    writepage = 0
    direct_io = 0
    keep_cache = 0
    fh = 0x00007fa9400028f0
    lock_owner = 0x0000000000000000
    opendir returned 0x0x7fa94000a9b0
    fi:
    flags = 0x00018800
    fh_old = 0x00000000
    writepage = 0
    direct_io = 0
    keep_cache = 0
    fh = 0x00007fa94000a9b0
    lock_owner = 0x0000000000000000

bb_getattr(path="/", statbuf=0x463fcb70)
    bb_fullpath:  rootdir = "/home/asmita/OSLab2/asmitafileio/localroot", path = "/", fpath = "/home/asmita/OSLab2/asmitafileio/localroot/"
    lstat returned 0
    si:
    st_dev = 66310
    st_ino = 20983033
    st_mode = 040775
    st_nlink = 2
    st_uid = 1000
    st_gid = 1000
    st_rdev = 0
    st_size = 4096
    st_blksize = 4096
    st_blocks = 8
    st_atime = 0x652a25e7
    st_mtime = 0x652a25e5
    st_ctime = 0x652a25e5

bb_readdir(path="/", buf=0x4000a930, filler=0x477c3ac0, offset=0, fi=0x46bfdb90)
    readdir returned 0x0x7fa94000a9e0
calling filler with name foo
calling filler with name .
calling filler with name ..
    fi:
    flags = 0x00000000
    fh_old = 0x7fa94000a9b0
    writepage = 0
    direct_io = 0
    keep_cache = 0
    fh = 0x00007fa94000a9b0
    lock_owner = 0x0000000000000000

bb_releasedir(path="/", fi=0x46bfdb90)
    fi:
    flags = 0x00000000
    fh_old = 0x7fa94000a9b0
    writepage = 0
    direct_io = 0
    keep_cache = 0
    fh = 0x00007fa94000a9b0
    lock_owner = 0x0000000000000000

bb_opendir(path="/", fi=0x473feb90)
    bb_fullpath:  rootdir = "/home/asmita/OSLab2/asmitafileio/localroot", path = "/", fpath = "/home/asmita/OSLab2/asmitafileio/localroot/"
    opendir returned 0x0x7fa94000a9b0
    fi:
    flags = 0x00018800
    fh_old = 0x00000000
    writepage = 0
    direct_io = 0
    keep_cache = 0
    fh = 0x00007fa94000a9b0
    lock_owner = 0x0000000000000000

bb_getattr(path="/", statbuf=0x463fcb70)
    bb_fullpath:  rootdir = "/home/asmita/OSLab2/asmitafileio/localroot", path = "/", fpath = "/home/asmita/OSLab2/asmitafileio/localroot/"
    lstat returned 0
    si:
    st_dev = 66310
    st_ino = 20983033
    st_mode = 040775
    st_nlink = 2
    st_uid = 1000
    st_gid = 1000
    st_rdev = 0
    st_size = 4096
    st_blksize = 4096
    st_blocks = 8
    st_atime = 0x652a25e7
    st_mtime = 0x652a25e5
    st_ctime = 0x652a25e5

bb_readdir(path="/", buf=0x400028f0, filler=0x477c3ac0, offset=0, fi=0x46bfdb90)
    readdir returned 0x0x7fa94000a9e0
calling filler with name foo
calling filler with name .
calling filler with name ..
    fi:
    flags = 0x00000000
    fh_old = 0x7fa94000a9b0
    writepage = 0
    direct_io = 0
    keep_cache = 0
    fh = 0x00007fa94000a9b0
    lock_owner = 0x0000000000000000

bb_releasedir(path="/", fi=0x46bfdb90)
    fi:
    flags = 0x00000000
    fh_old = 0x7fa94000a9b0
    writepage = 0
    direct_io = 0
    keep_cache = 0
    fh = 0x00007fa94000a9b0
    lock_owner = 0x0000000000000000

bb_opendir(path="/", fi=0x473feb90)
    bb_fullpath:  rootdir = "/home/asmita/OSLab2/asmitafileio/localroot", path = "/", fpath = "/home/asmita/OSLab2/asmitafileio/localroot/"
    opendir returned 0x0x7fa94000a9b0
    fi:
    flags = 0x00018800
    fh_old = 0x00000000
    writepage = 0
    direct_io = 0
    keep_cache = 0
    fh = 0x00007fa94000a9b0
    lock_owner = 0x0000000000000000

bb_getattr(path="/", statbuf=0x463fcb70)
    bb_fullpath:  rootdir = "/home/asmita/OSLab2/asmitafileio/localroot", path = "/", fpath = "/home/asmita/OSLab2/asmitafileio/localroot/"
    lstat returned 0
    si:
    st_dev = 66310
    st_ino = 20983033
    st_mode = 040775
    st_nlink = 2
    st_uid = 1000
    st_gid = 1000
    st_rdev = 0
    st_size = 4096
    st_blksize = 4096
    st_blocks = 8
    st_atime = 0x652a25e7
    st_mtime = 0x652a25e5
    st_ctime = 0x652a25e5

bb_readdir(path="/", buf=0x40002970, filler=0x477c3ac0, offset=0, fi=0x46bfdb90)
    readdir returned 0x0x7fa94000a9e0
calling filler with name foo
calling filler with name .
calling filler with name ..
    fi:
    flags = 0x00000000
    fh_old = 0x7fa94000a9b0
    writepage = 0
    direct_io = 0
    keep_cache = 0
    fh = 0x00007fa94000a9b0
    lock_owner = 0x0000000000000000

bb_releasedir(path="/", fi=0x46bfdb90)
    fi:

bb_opendir(path="/", fi=0x473feb90)
    bb_fullpath:  rootdir = "/home/asmita/OSLab2/asmitafileio/localroot", path = "/", fpath = "/home/asmita/OSLab2/asmitafileio/localroot/"
    flags = 0x00000000
    fh_old = 0x7fa94000a9b0
    writepage = 0
    direct_io = 0
    keep_cache = 0
    fh = 0x00007fa94000a9b0
    lock_owner = 0x0000000000000000
    opendir returned 0x0x7fa9400129f0
    fi:
    flags = 0x00018800
    fh_old = 0x00000000
    writepage = 0
    direct_io = 0
    keep_cache = 0
    fh = 0x00007fa9400129f0
    lock_owner = 0x0000000000000000

bb_getattr(path="/", statbuf=0x463fcb70)
    bb_fullpath:  rootdir = "/home/asmita/OSLab2/asmitafileio/localroot", path = "/", fpath = "/home/asmita/OSLab2/asmitafileio/localroot/"
    lstat returned 0
    si:
    st_dev = 66310
    st_ino = 20983033
    st_mode = 040775
    st_nlink = 2
    st_uid = 1000
    st_gid = 1000
    st_rdev = 0
    st_size = 4096
    st_blksize = 4096
    st_blocks = 8
    st_atime = 0x652a25e7
    st_mtime = 0x652a25e5
    st_ctime = 0x652a25e5

bb_readdir(path="/", buf=0x400029f0, filler=0x477c3ac0, offset=0, fi=0x46bfdb90)
    readdir returned 0x0x7fa940012a20
calling filler with name foo
calling filler with name .
calling filler with name ..
    fi:
    flags = 0x00000000
    fh_old = 0x7fa9400129f0
    writepage = 0
    direct_io = 0
    keep_cache = 0
    fh = 0x00007fa9400129f0
    lock_owner = 0x0000000000000000

bb_opendir(path="/", fi=0x473feb90)
    bb_fullpath:  rootdir = "/home/asmita/OSLab2/asmitafileio/localroot", path = "/", fpath = "/home/asmita/OSLab2/asmitafileio/localroot/"

bb_releasedir(path="/", fi=0x46bfdb90)
    fi:
    flags = 0x00000000
    fh_old = 0x7fa9400129f0
    writepage = 0
    direct_io = 0
    keep_cache = 0
    fh = 0x00007fa9400129f0
    lock_owner = 0x0000000000000000
    opendir returned 0x0x7fa94000a9b0
    fi:
    flags = 0x00018800
    fh_old = 0x00000000
    writepage = 0
    direct_io = 0
    keep_cache = 0
    fh = 0x00007fa94000a9b0
    lock_owner = 0x0000000000000000

bb_getattr(path="/", statbuf=0x463fcb70)
    bb_fullpath:  rootdir = "/home/asmita/OSLab2/asmitafileio/localroot", path = "/", fpath = "/home/asmita/OSLab2/asmitafileio/localroot/"
    lstat returned 0
    si:
    st_dev = 66310
    st_ino = 20983033
    st_mode = 040775
    st_nlink = 2
    st_uid = 1000
    st_gid = 1000
    st_rdev = 0
    st_size = 4096
    st_blksize = 4096
    st_blocks = 8
    st_atime = 0x652a25e7
    st_mtime = 0x652a25e5
    st_ctime = 0x652a25e5

bb_readdir(path="/", buf=0x40002a70, filler=0x477c3ac0, offset=0, fi=0x46bfdb90)
    readdir returned 0x0x7fa94000a9e0
calling filler with name foo
calling filler with name .
calling filler with name ..
    fi:
    flags = 0x00000000
    fh_old = 0x7fa94000a9b0
    writepage = 0
    direct_io = 0
    keep_cache = 0
    fh = 0x00007fa94000a9b0
    lock_owner = 0x0000000000000000

bb_releasedir(path="/", fi=0x46bfdb90)
    fi:
    flags = 0x00000000
    fh_old = 0x7fa94000a9b0
    writepage = 0
    direct_io = 0
    keep_cache = 0
    fh = 0x00007fa94000a9b0
    lock_owner = 0x0000000000000000

bb_opendir(path="/", fi=0x473feb90)
    bb_fullpath:  rootdir = "/home/asmita/OSLab2/asmitafileio/localroot", path = "/", fpath = "/home/asmita/OSLab2/asmitafileio/localroot/"
    opendir returned 0x0x7fa94000a9b0
    fi:
    flags = 0x00018800
    fh_old = 0x00000000
    writepage = 0
    direct_io = 0
    keep_cache = 0
    fh = 0x00007fa94000a9b0
    lock_owner = 0x0000000000000000

bb_getattr(path="/", statbuf=0x463fcb70)
    bb_fullpath:  rootdir = "/home/asmita/OSLab2/asmitafileio/localroot", path = "/", fpath = "/home/asmita/OSLab2/asmitafileio/localroot/"
    lstat returned 0
    si:
    st_dev = 66310
    st_ino = 20983033
    st_mode = 040775
    st_nlink = 2
    st_uid = 1000
    st_gid = 1000
    st_rdev = 0
    st_size = 4096
    st_blksize = 4096
    st_blocks = 8
    st_atime = 0x652a25e7
    st_mtime = 0x652a25e5
    st_ctime = 0x652a25e5

bb_readdir(path="/", buf=0x40002af0, filler=0x477c3ac0, offset=0, fi=0x46bfdb90)
    readdir returned 0x0x7fa94000a9e0
calling filler with name foo
calling filler with name .
calling filler with name ..
    fi:
    flags = 0x00000000
    fh_old = 0x7fa94000a9b0
    writepage = 0
    direct_io = 0
    keep_cache = 0
    fh = 0x00007fa94000a9b0
    lock_owner = 0x0000000000000000

bb_releasedir(path="/", fi=0x473feb90)
    fi:
    flags = 0x00000000
    fh_old = 0x7fa94000a9b0
    writepage = 0
    direct_io = 0
    keep_cache = 0
    fh = 0x00007fa94000a9b0
    lock_owner = 0x0000000000000000

bb_opendir(path="/", fi=0x46bfdb90)
    bb_fullpath:  rootdir = "/home/asmita/OSLab2/asmitafileio/localroot", path = "/", fpath = "/home/asmita/OSLab2/asmitafileio/localroot/"
    opendir returned 0x0x7fa9380012c0
    fi:
    flags = 0x00018800
    fh_old = 0x00000000
    writepage = 0
    direct_io = 0
    keep_cache = 0
    fh = 0x00007fa9380012c0
    lock_owner = 0x0000000000000000

bb_getattr(path="/", statbuf=0x463fcb70)
    bb_fullpath:  rootdir = "/home/asmita/OSLab2/asmitafileio/localroot", path = "/", fpath = "/home/asmita/OSLab2/asmitafileio/localroot/"
    lstat returned 0
    si:
    st_dev = 66310
    st_ino = 20983033
    st_mode = 040775
    st_nlink = 2
    st_uid = 1000
    st_gid = 1000
    st_rdev = 0
    st_size = 4096
    st_blksize = 4096
    st_blocks = 8
    st_atime = 0x652a25e7
    st_mtime = 0x652a25e5
    st_ctime = 0x652a25e5

bb_readdir(path="/", buf=0x38001240, filler=0x477c3ac0, offset=0, fi=0x473feb90)
    readdir returned 0x0x7fa9380012f0
calling filler with name foo
calling filler with name .
calling filler with name ..
    fi:
    flags = 0x00000000
    fh_old = 0x7fa9380012c0
    writepage = 0
    direct_io = 0
    keep_cache = 0
    fh = 0x00007fa9380012c0
    lock_owner = 0x0000000000000000

bb_releasedir(path="/", fi=0x473feb90)
    fi:
    flags = 0x00000000

bb_opendir(path="/", fi=0x46bfdb90)
    bb_fullpath:  rootdir = "/home/asmita/OSLab2/asmitafileio/localroot", path = "/", fpath = "/home/asmita/OSLab2/asmitafileio/localroot/"
    fh_old = 0x7fa9380012c0
    writepage = 0
    direct_io = 0
    keep_cache = 0
    fh = 0x00007fa9380012c0
    lock_owner = 0x0000000000000000
    opendir returned 0x0x7fa938009380
    fi:
    flags = 0x00018800
    fh_old = 0x00000000
    writepage = 0
    direct_io = 0
    keep_cache = 0
    fh = 0x00007fa938009380
    lock_owner = 0x0000000000000000

bb_getattr(path="/", statbuf=0x463fcb70)
    bb_fullpath:  rootdir = "/home/asmita/OSLab2/asmitafileio/localroot", path = "/", fpath = "/home/asmita/OSLab2/asmitafileio/localroot/"
    lstat returned 0
    si:
    st_dev = 66310
    st_ino = 20983033
    st_mode = 040775
    st_nlink = 2
    st_uid = 1000
    st_gid = 1000
    st_rdev = 0
    st_size = 4096
    st_blksize = 4096
    st_blocks = 8
    st_atime = 0x652a25e7
    st_mtime = 0x652a25e5
    st_ctime = 0x652a25e5

bb_readdir(path="/", buf=0x38009300, filler=0x477c3ac0, offset=0, fi=0x473feb90)
    readdir returned 0x0x7fa9380093b0
calling filler with name foo
calling filler with name .
calling filler with name ..
    fi:
    flags = 0x00000000
    fh_old = 0x7fa938009380
    writepage = 0
    direct_io = 0
    keep_cache = 0
    fh = 0x00007fa938009380
    lock_owner = 0x0000000000000000

bb_releasedir(path="/", fi=0x473feb90)
    fi:
    flags = 0x00000000
    fh_old = 0x7fa938009380
    writepage = 0
    direct_io = 0
    keep_cache = 0
    fh = 0x00007fa938009380
    lock_owner = 0x0000000000000000

bb_opendir(path="/", fi=0x46bfdb90)
    bb_fullpath:  rootdir = "/home/asmita/OSLab2/asmitafileio/localroot", path = "/", fpath = "/home/asmita/OSLab2/asmitafileio/localroot/"
    opendir returned 0x0x7fa938009380
    fi:
    flags = 0x00018800
    fh_old = 0x00000000
    writepage = 0
    direct_io = 0
    keep_cache = 0
    fh = 0x00007fa938009380
    lock_owner = 0x0000000000000000

bb_getattr(path="/", statbuf=0x463fcb70)
    bb_fullpath:  rootdir = "/home/asmita/OSLab2/asmitafileio/localroot", path = "/", fpath = "/home/asmita/OSLab2/asmitafileio/localroot/"
    lstat returned 0
    si:
    st_dev = 66310
    st_ino = 20983033
    st_mode = 040775
    st_nlink = 2
    st_uid = 1000
    st_gid = 1000
    st_rdev = 0
    st_size = 4096
    st_blksize = 4096
    st_blocks = 8
    st_atime = 0x652a25e7
    st_mtime = 0x652a25e5
    st_ctime = 0x652a25e5

bb_readdir(path="/", buf=0x380012c0, filler=0x477c3ac0, offset=0, fi=0x473feb90)
    readdir returned 0x0x7fa9380093b0
calling filler with name foo
calling filler with name .
calling filler with name ..
    fi:
    flags = 0x00000000
    fh_old = 0x7fa938009380
    writepage = 0
    direct_io = 0
    keep_cache = 0
    fh = 0x00007fa938009380
    lock_owner = 0x0000000000000000

bb_releasedir(path="/", fi=0x473feb90)
    fi:
    flags = 0x00000000

bb_opendir(path="/", fi=0x46bfdb90)
    bb_fullpath:  rootdir = "/home/asmita/OSLab2/asmitafileio/localroot", path = "/", fpath = "/home/asmita/OSLab2/asmitafileio/localroot/"
    fh_old = 0x7fa938009380
    writepage = 0
    direct_io = 0
    keep_cache = 0
    fh = 0x00007fa938009380
    lock_owner = 0x0000000000000000
    opendir returned 0x0x7fa9380113c0
    fi:
    flags = 0x00018800
    fh_old = 0x00000000
    writepage = 0
    direct_io = 0
    keep_cache = 0
    fh = 0x00007fa9380113c0
    lock_owner = 0x0000000000000000

bb_getattr(path="/", statbuf=0x463fcb70)
    bb_fullpath:  rootdir = "/home/asmita/OSLab2/asmitafileio/localroot", path = "/", fpath = "/home/asmita/OSLab2/asmitafileio/localroot/"
    lstat returned 0
    si:
    st_dev = 66310
    st_ino = 20983033
    st_mode = 040775
    st_nlink = 2
    st_uid = 1000
    st_gid = 1000
    st_rdev = 0
    st_size = 4096
    st_blksize = 4096
    st_blocks = 8
    st_atime = 0x652a25e7
    st_mtime = 0x652a25e5
    st_ctime = 0x652a25e5

bb_readdir(path="/", buf=0x38001340, filler=0x477c3ac0, offset=0, fi=0x473feb90)
    readdir returned 0x0x7fa9380113f0
calling filler with name foo
calling filler with name .
calling filler with name ..
    fi:
    flags = 0x00000000
    fh_old = 0x7fa9380113c0
    writepage = 0
    direct_io = 0
    keep_cache = 0
    fh = 0x00007fa9380113c0
    lock_owner = 0x0000000000000000

bb_releasedir(path="/", fi=0x473feb90)
    fi:
    flags = 0x00000000
    fh_old = 0x7fa9380113c0
    writepage = 0
    direct_io = 0
    keep_cache = 0
    fh = 0x00007fa9380113c0
    lock_owner = 0x0000000000000000

bb_opendir(path="/", fi=0x46bfdb90)
    bb_fullpath:  rootdir = "/home/asmita/OSLab2/asmitafileio/localroot", path = "/", fpath = "/home/asmita/OSLab2/asmitafileio/localroot/"
    opendir returned 0x0x7fa938009380
    fi:
    flags = 0x00018800
    fh_old = 0x00000000
    writepage = 0
    direct_io = 0
    keep_cache = 0
    fh = 0x00007fa938009380
    lock_owner = 0x0000000000000000

bb_getattr(path="/", statbuf=0x463fcb70)
    bb_fullpath:  rootdir = "/home/asmita/OSLab2/asmitafileio/localroot", path = "/", fpath = "/home/asmita/OSLab2/asmitafileio/localroot/"
    lstat returned 0
    si:
    st_dev = 66310
    st_ino = 20983033
    st_mode = 040775
    st_nlink = 2
    st_uid = 1000
    st_gid = 1000
    st_rdev = 0
    st_size = 4096
    st_blksize = 4096
    st_blocks = 8
    st_atime = 0x652a25e7
    st_mtime = 0x652a25e5
    st_ctime = 0x652a25e5

bb_readdir(path="/", buf=0x380013c0, filler=0x477c3ac0, offset=0, fi=0x473feb90)
    readdir returned 0x0x7fa9380093b0
calling filler with name foo
calling filler with name .
calling filler with name ..
    fi:
    flags = 0x00000000
    fh_old = 0x7fa938009380
    writepage = 0
    direct_io = 0
    keep_cache = 0
    fh = 0x00007fa938009380
    lock_owner = 0x0000000000000000

bb_releasedir(path="/", fi=0x473feb90)
    fi:
    flags = 0x00000000

bb_opendir(path="/", fi=0x46bfdb90)
    bb_fullpath:  rootdir = "/home/asmita/OSLab2/asmitafileio/localroot", path = "/", fpath = "/home/asmita/OSLab2/asmitafileio/localroot/"
    fh_old = 0x7fa938009380
    writepage = 0
    direct_io = 0
    keep_cache = 0
    fh = 0x00007fa938009380
    lock_owner = 0x0000000000000000
    opendir returned 0x0x7fa9380113c0
    fi:
    flags = 0x00018800
    fh_old = 0x00000000
    writepage = 0
    direct_io = 0
    keep_cache = 0
    fh = 0x00007fa9380113c0
    lock_owner = 0x0000000000000000

bb_getattr(path="/", statbuf=0x463fcb70)
    bb_fullpath:  rootdir = "/home/asmita/OSLab2/asmitafileio/localroot", path = "/", fpath = "/home/asmita/OSLab2/asmitafileio/localroot/"
    lstat returned 0
    si:
    st_dev = 66310
    st_ino = 20983033
    st_mode = 040775
    st_nlink = 2
    st_uid = 1000
    st_gid = 1000
    st_rdev = 0
    st_size = 4096
    st_blksize = 4096
    st_blocks = 8
    st_atime = 0x652a25e7
    st_mtime = 0x652a25e5
    st_ctime = 0x652a25e5

bb_readdir(path="/", buf=0x38001440, filler=0x477c3ac0, offset=0, fi=0x473feb90)
    readdir returned 0x0x7fa9380113f0
calling filler with name foo
calling filler with name .
calling filler with name ..
    fi:
    flags = 0x00000000
    fh_old = 0x7fa9380113c0
    writepage = 0
    direct_io = 0
    keep_cache = 0
    fh = 0x00007fa9380113c0
    lock_owner = 0x0000000000000000

bb_releasedir(path="/", fi=0x473feb90)
    fi:
    flags = 0x00000000
    fh_old = 0x7fa9380113c0
    writepage = 0
    direct_io = 0
    keep_cache = 0
    fh = 0x00007fa9380113c0
    lock_owner = 0x0000000000000000

bb_opendir(path="/", fi=0x46bfdb90)
    bb_fullpath:  rootdir = "/home/asmita/OSLab2/asmitafileio/localroot", path = "/", fpath = "/home/asmita/OSLab2/asmitafileio/localroot/"
    opendir returned 0x0x7fa938009380
    fi:
    flags = 0x00018800
    fh_old = 0x00000000
    writepage = 0
    direct_io = 0
    keep_cache = 0
    fh = 0x00007fa938009380
    lock_owner = 0x0000000000000000

bb_getattr(path="/", statbuf=0x463fcb70)
    bb_fullpath:  rootdir = "/home/asmita/OSLab2/asmitafileio/localroot", path = "/", fpath = "/home/asmita/OSLab2/asmitafileio/localroot/"
    lstat returned 0
    si:
    st_dev = 66310
    st_ino = 20983033
    st_mode = 040775
    st_nlink = 2
    st_uid = 1000
    st_gid = 1000
    st_rdev = 0
    st_size = 4096
    st_blksize = 4096
    st_blocks = 8
    st_atime = 0x652a25e7
    st_mtime = 0x652a25e5
    st_ctime = 0x652a25e5

bb_readdir(path="/", buf=0x380014c0, filler=0x477c3ac0, offset=0, fi=0x473feb90)
    readdir returned 0x0x7fa9380093b0
calling filler with name foo
calling filler with name .
calling filler with name ..
    fi:
    flags = 0x00000000
    fh_old = 0x7fa938009380
    writepage = 0
    direct_io = 0
    keep_cache = 0
    fh = 0x00007fa938009380
    lock_owner = 0x0000000000000000

bb_releasedir(path="/", fi=0x473feb90)
    fi:
    flags = 0x00000000
    fh_old = 0x7fa938009380
    writepage = 0
    direct_io = 0
    keep_cache = 0
    fh = 0x00007fa938009380
    lock_owner = 0x0000000000000000

bb_opendir(path="/", fi=0x46bfdb90)
    bb_fullpath:  rootdir = "/home/asmita/OSLab2/asmitafileio/localroot", path = "/", fpath = "/home/asmita/OSLab2/asmitafileio/localroot/"
    opendir returned 0x0x7fa938009380
    fi:
    flags = 0x00018800
    fh_old = 0x00000000
    writepage = 0
    direct_io = 0
    keep_cache = 0
    fh = 0x00007fa938009380
    lock_owner = 0x0000000000000000

bb_getattr(path="/", statbuf=0x463fcb70)
    bb_fullpath:  rootdir = "/home/asmita/OSLab2/asmitafileio/localroot", path = "/", fpath = "/home/asmita/OSLab2/asmitafileio/localroot/"
    lstat returned 0
    si:
    st_dev = 66310
    st_ino = 20983033
    st_mode = 040775
    st_nlink = 2
    st_uid = 1000
    st_gid = 1000
    st_rdev = 0
    st_size = 4096
    st_blksize = 4096
    st_blocks = 8
    st_atime = 0x652a25e7
    st_mtime = 0x652a25e5
    st_ctime = 0x652a25e5

bb_readdir(path="/", buf=0x38001440, filler=0x477c3ac0, offset=0, fi=0x473feb90)
    readdir returned 0x0x7fa9380093b0
calling filler with name foo
calling filler with name .
calling filler with name ..
    fi:
    flags = 0x00000000
    fh_old = 0x7fa938009380
    writepage = 0
    direct_io = 0
    keep_cache = 0
    fh = 0x00007fa938009380
    lock_owner = 0x0000000000000000

bb_releasedir(path="/", fi=0x473feb90)
    fi:
    flags = 0x00000000
    fh_old = 0x7fa938009380
    writepage = 0
    direct_io = 0
    keep_cache = 0
    fh = 0x00007fa938009380
    lock_owner = 0x0000000000000000

bb_opendir(path="/", fi=0x473feb90)
    bb_fullpath:  rootdir = "/home/asmita/OSLab2/asmitafileio/localroot", path = "/", fpath = "/home/asmita/OSLab2/asmitafileio/localroot/"
    opendir returned 0x0x7fa94000a9b0
    fi:
    flags = 0x00018800
    fh_old = 0x00000000
    writepage = 0
    direct_io = 0
    keep_cache = 0
    fh = 0x00007fa94000a9b0
    lock_owner = 0x0000000000000000

bb_getattr(path="/", statbuf=0x463fcb70)
    bb_fullpath:  rootdir = "/home/asmita/OSLab2/asmitafileio/localroot", path = "/", fpath = "/home/asmita/OSLab2/asmitafileio/localroot/"
    lstat returned 0
    si:
    st_dev = 66310
    st_ino = 20983033
    st_mode = 040775
    st_nlink = 2
    st_uid = 1000
    st_gid = 1000
    st_rdev = 0
    st_size = 4096
    st_blksize = 4096
    st_blocks = 8
    st_atime = 0x652a25e7
    st_mtime = 0x652a25e5
    st_ctime = 0x652a25e5

bb_readdir(path="/", buf=0x40002b70, filler=0x477c3ac0, offset=0, fi=0x46bfdb90)
    readdir returned 0x0x7fa94000a9e0
calling filler with name foo
calling filler with name .
calling filler with name ..
    fi:
    flags = 0x00000000
    fh_old = 0x7fa94000a9b0
    writepage = 0
    direct_io = 0
    keep_cache = 0
    fh = 0x00007fa94000a9b0
    lock_owner = 0x0000000000000000

bb_releasedir(path="/", fi=0x473feb90)
    fi:
    flags = 0x00000000
    fh_old = 0x7fa94000a9b0
    writepage = 0
    direct_io = 0

bb_opendir(path="/", fi=0x46bfdb90)
    bb_fullpath:  rootdir = "/home/asmita/OSLab2/asmitafileio/localroot", path = "/", fpath = "/home/asmita/OSLab2/asmitafileio/localroot/"
    keep_cache = 0
    fh = 0x00007fa94000a9b0
    lock_owner = 0x0000000000000000
    opendir returned 0x0x7fa938009380
    fi:
    flags = 0x00018800
    fh_old = 0x00000000
    writepage = 0
    direct_io = 0
    keep_cache = 0
    fh = 0x00007fa938009380
    lock_owner = 0x0000000000000000

bb_getattr(path="/", statbuf=0x463fcb70)
    bb_fullpath:  rootdir = "/home/asmita/OSLab2/asmitafileio/localroot", path = "/", fpath = "/home/asmita/OSLab2/asmitafileio/localroot/"
    lstat returned 0
    si:
    st_dev = 66310
    st_ino = 20983033
    st_mode = 040775
    st_nlink = 2
    st_uid = 1000
    st_gid = 1000
    st_rdev = 0
    st_size = 4096
    st_blksize = 4096
    st_blocks = 8
    st_atime = 0x652a25e7
    st_mtime = 0x652a25e5
    st_ctime = 0x652a25e5

bb_readdir(path="/", buf=0x38001850, filler=0x477c3ac0, offset=0, fi=0x473feb90)
    readdir returned 0x0x7fa9380093b0
calling filler with name foo
calling filler with name .
calling filler with name ..
    fi:
    flags = 0x00000000
    fh_old = 0x7fa938009380
    writepage = 0
    direct_io = 0
    keep_cache = 0
    fh = 0x00007fa938009380
    lock_owner = 0x0000000000000000

bb_releasedir(path="/", fi=0x473feb90)
    fi:
    flags = 0x00000000
    fh_old = 0x7fa938009380
    writepage = 0
    direct_io = 0
    keep_cache = 0
    fh = 0x00007fa938009380
    lock_owner = 0x0000000000000000

bb_opendir(path="/", fi=0x46bfdb90)
    bb_fullpath:  rootdir = "/home/asmita/OSLab2/asmitafileio/localroot", path = "/", fpath = "/home/asmita/OSLab2/asmitafileio/localroot/"
    opendir returned 0x0x7fa938009380
    fi:
    flags = 0x00018800
    fh_old = 0x00000000
    writepage = 0
    direct_io = 0
    keep_cache = 0
    fh = 0x00007fa938009380
    lock_owner = 0x0000000000000000

bb_getattr(path="/", statbuf=0x463fcb70)
    bb_fullpath:  rootdir = "/home/asmita/OSLab2/asmitafileio/localroot", path = "/", fpath = "/home/asmita/OSLab2/asmitafileio/localroot/"
    lstat returned 0
    si:
    st_dev = 66310
    st_ino = 20983033
    st_mode = 040775
    st_nlink = 2
    st_uid = 1000
    st_gid = 1000
    st_rdev = 0
    st_size = 4096
    st_blksize = 4096
    st_blocks = 8
    st_atime = 0x652a25e7
    st_mtime = 0x652a25e5
    st_ctime = 0x652a25e5

bb_readdir(path="/", buf=0x380018d0, filler=0x477c3ac0, offset=0, fi=0x473feb90)
    readdir returned 0x0x7fa9380093b0
calling filler with name foo
calling filler with name .
calling filler with name ..
    fi:
    flags = 0x00000000
    fh_old = 0x7fa938009380
    writepage = 0
    direct_io = 0
    keep_cache = 0
    fh = 0x00007fa938009380
    lock_owner = 0x0000000000000000

bb_releasedir(path="/", fi=0x473feb90)
    fi:
    flags = 0x00000000
    fh_old = 0x7fa938009380
    writepage = 0
    direct_io = 0
    keep_cache = 0
    fh = 0x00007fa938009380
    lock_owner = 0x0000000000000000

bb_opendir(path="/", fi=0x46bfdb90)
    bb_fullpath:  rootdir = "/home/asmita/OSLab2/asmitafileio/localroot", path = "/", fpath = "/home/asmita/OSLab2/asmitafileio/localroot/"
    opendir returned 0x0x7fa938009380
    fi:
    flags = 0x00018800
    fh_old = 0x00000000
    writepage = 0
    direct_io = 0
    keep_cache = 0
    fh = 0x00007fa938009380
    lock_owner = 0x0000000000000000

bb_getattr(path="/", statbuf=0x463fcb70)
    bb_fullpath:  rootdir = "/home/asmita/OSLab2/asmitafileio/localroot", path = "/", fpath = "/home/asmita/OSLab2/asmitafileio/localroot/"
    lstat returned 0
    si:
    st_dev = 66310
    st_ino = 20983033
    st_mode = 040775
    st_nlink = 2
    st_uid = 1000
    st_gid = 1000
    st_rdev = 0
    st_size = 4096
    st_blksize = 4096
    st_blocks = 8
    st_atime = 0x652a25e7
    st_mtime = 0x652a25e5
    st_ctime = 0x652a25e5

bb_readdir(path="/", buf=0x38001850, filler=0x477c3ac0, offset=0, fi=0x473feb90)
    readdir returned 0x0x7fa9380093b0
calling filler with name foo
calling filler with name .
calling filler with name ..
    fi:
    flags = 0x00000000
    fh_old = 0x7fa938009380
    writepage = 0
    direct_io = 0
    keep_cache = 0
    fh = 0x00007fa938009380
    lock_owner = 0x0000000000000000

bb_releasedir(path="/", fi=0x473feb90)
    fi:
    flags = 0x00000000

bb_opendir(path="/", fi=0x46bfdb90)
    bb_fullpath:  rootdir = "/home/asmita/OSLab2/asmitafileio/localroot", path = "/", fpath = "/home/asmita/OSLab2/asmitafileio/localroot/"
    fh_old = 0x7fa938009380
    writepage = 0
    direct_io = 0
    keep_cache = 0
    opendir returned 0x0x7fa9380113c0
    fi:
    flags = 0x00018800
    fh_old = 0x00000000
    writepage = 0
    direct_io = 0
    fh = 0x00007fa938009380
    lock_owner = 0x0000000000000000
    keep_cache = 0
    fh = 0x00007fa9380113c0
    lock_owner = 0x0000000000000000

bb_getattr(path="/", statbuf=0x463fcb70)
    bb_fullpath:  rootdir = "/home/asmita/OSLab2/asmitafileio/localroot", path = "/", fpath = "/home/asmita/OSLab2/asmitafileio/localroot/"
    lstat returned 0
    si:
    st_dev = 66310
    st_ino = 20983033
    st_mode = 040775
    st_nlink = 2
    st_uid = 1000
    st_gid = 1000
    st_rdev = 0
    st_size = 4096
    st_blksize = 4096
    st_blocks = 8
    st_atime = 0x652a25e7
    st_mtime = 0x652a25e5
    st_ctime = 0x652a25e5

bb_readdir(path="/", buf=0x380018d0, filler=0x477c3ac0, offset=0, fi=0x473feb90)
    readdir returned 0x0x7fa9380113f0
calling filler with name foo
calling filler with name .
calling filler with name ..
    fi:
    flags = 0x00000000
    fh_old = 0x7fa9380113c0
    writepage = 0
    direct_io = 0
    keep_cache = 0
    fh = 0x00007fa9380113c0
    lock_owner = 0x0000000000000000

bb_releasedir(path="/", fi=0x473feb90)
    fi:
    flags = 0x00000000
    fh_old = 0x7fa9380113c0
    writepage = 0
    direct_io = 0
    keep_cache = 0
    fh = 0x00007fa9380113c0
    lock_owner = 0x0000000000000000

bb_opendir(path="/", fi=0x46bfdb90)
    bb_fullpath:  rootdir = "/home/asmita/OSLab2/asmitafileio/localroot", path = "/", fpath = "/home/asmita/OSLab2/asmitafileio/localroot/"
    opendir returned 0x0x7fa938009380
    fi:
    flags = 0x00018800
    fh_old = 0x00000000
    writepage = 0
    direct_io = 0
    keep_cache = 0
    fh = 0x00007fa938009380
    lock_owner = 0x0000000000000000

bb_getattr(path="/", statbuf=0x463fcb70)
    bb_fullpath:  rootdir = "/home/asmita/OSLab2/asmitafileio/localroot", path = "/", fpath = "/home/asmita/OSLab2/asmitafileio/localroot/"
    lstat returned 0
    si:
    st_dev = 66310
    st_ino = 20983033
    st_mode = 040775
    st_nlink = 2
    st_uid = 1000
    st_gid = 1000
    st_rdev = 0
    st_size = 4096
    st_blksize = 4096
    st_blocks = 8
    st_atime = 0x652a25e7
    st_mtime = 0x652a25e5
    st_ctime = 0x652a25e5

bb_readdir(path="/", buf=0x38001850, filler=0x477c3ac0, offset=0, fi=0x473feb90)
    readdir returned 0x0x7fa9380093b0
calling filler with name foo
calling filler with name .
calling filler with name ..
    fi:
    flags = 0x00000000
    fh_old = 0x7fa938009380
    writepage = 0
    direct_io = 0
    keep_cache = 0
    fh = 0x00007fa938009380
    lock_owner = 0x0000000000000000

bb_releasedir(path="/", fi=0x473feb90)
    fi:
    flags = 0x00000000
    fh_old = 0x7fa938009380
    writepage = 0
    direct_io = 0
    keep_cache = 0
    fh = 0x00007fa938009380
    lock_owner = 0x0000000000000000

bb_opendir(path="/", fi=0x46bfdb90)
    bb_fullpath:  rootdir = "/home/asmita/OSLab2/asmitafileio/localroot", path = "/", fpath = "/home/asmita/OSLab2/asmitafileio/localroot/"
    opendir returned 0x0x7fa938009380
    fi:
    flags = 0x00018800
    fh_old = 0x00000000
    writepage = 0
    direct_io = 0
    keep_cache = 0
    fh = 0x00007fa938009380
    lock_owner = 0x0000000000000000

bb_getattr(path="/", statbuf=0x463fcb70)
    bb_fullpath:  rootdir = "/home/asmita/OSLab2/asmitafileio/localroot", path = "/", fpath = "/home/asmita/OSLab2/asmitafileio/localroot/"
    lstat returned 0
    si:
    st_dev = 66310
    st_ino = 20983033
    st_mode = 040775
    st_nlink = 2
    st_uid = 1000
    st_gid = 1000
    st_rdev = 0
    st_size = 4096
    st_blksize = 4096
    st_blocks = 8
    st_atime = 0x652a25e7
    st_mtime = 0x652a25e5
    st_ctime = 0x652a25e5

bb_readdir(path="/", buf=0x380018d0, filler=0x477c3ac0, offset=0, fi=0x473feb90)
    readdir returned 0x0x7fa9380093b0
calling filler with name foo
calling filler with name .
calling filler with name ..
    fi:
    flags = 0x00000000
    fh_old = 0x7fa938009380
    writepage = 0
    direct_io = 0
    keep_cache = 0
    fh = 0x00007fa938009380
    lock_owner = 0x0000000000000000

bb_releasedir(path="/", fi=0x473feb90)
    fi:
    flags = 0x00000000
    fh_old = 0x7fa938009380
    writepage = 0
    direct_io = 0
    keep_cache = 0
    fh = 0x00007fa938009380
    lock_owner = 0x0000000000000000

bb_opendir(path="/", fi=0x46bfdb90)
    bb_fullpath:  rootdir = "/home/asmita/OSLab2/asmitafileio/localroot", path = "/", fpath = "/home/asmita/OSLab2/asmitafileio/localroot/"
    opendir returned 0x0x7fa938009380
    fi:
    flags = 0x00018800
    fh_old = 0x00000000
    writepage = 0
    direct_io = 0
    keep_cache = 0
    fh = 0x00007fa938009380
    lock_owner = 0x0000000000000000

bb_getattr(path="/", statbuf=0x463fcb70)
    bb_fullpath:  rootdir = "/home/asmita/OSLab2/asmitafileio/localroot", path = "/", fpath = "/home/asmita/OSLab2/asmitafileio/localroot/"
    lstat returned 0
    si:
    st_dev = 66310
    st_ino = 20983033
    st_mode = 040775
    st_nlink = 2
    st_uid = 1000
    st_gid = 1000
    st_rdev = 0
    st_size = 4096
    st_blksize = 4096
    st_blocks = 8
    st_atime = 0x652a25e7
    st_mtime = 0x652a25e5
    st_ctime = 0x652a25e5

bb_readdir(path="/", buf=0x38001850, filler=0x477c3ac0, offset=0, fi=0x473feb90)
    readdir returned 0x0x7fa9380093b0
calling filler with name foo
calling filler with name .
calling filler with name ..
    fi:
    flags = 0x00000000
    fh_old = 0x7fa938009380
    writepage = 0
    direct_io = 0
    keep_cache = 0
    fh = 0x00007fa938009380
    lock_owner = 0x0000000000000000

bb_releasedir(path="/", fi=0x473feb90)
    fi:
    flags = 0x00000000
    fh_old = 0x7fa938009380
    writepage = 0
    direct_io = 0
    keep_cache = 0
    fh = 0x00007fa938009380
    lock_owner = 0x0000000000000000

bb_opendir(path="/", fi=0x46bfdb90)
    bb_fullpath:  rootdir = "/home/asmita/OSLab2/asmitafileio/localroot", path = "/", fpath = "/home/asmita/OSLab2/asmitafileio/localroot/"
    opendir returned 0x0x7fa938009380
    fi:
    flags = 0x00018800
    fh_old = 0x00000000
    writepage = 0
    direct_io = 0
    keep_cache = 0
    fh = 0x00007fa938009380
    lock_owner = 0x0000000000000000

bb_getattr(path="/", statbuf=0x463fcb70)
    bb_fullpath:  rootdir = "/home/asmita/OSLab2/asmitafileio/localroot", path = "/", fpath = "/home/asmita/OSLab2/asmitafileio/localroot/"
    lstat returned 0
    si:
    st_dev = 66310
    st_ino = 20983033
    st_mode = 040775
    st_nlink = 2
    st_uid = 1000
    st_gid = 1000
    st_rdev = 0
    st_size = 4096
    st_blksize = 4096
    st_blocks = 8
    st_atime = 0x652a25e7
    st_mtime = 0x652a25e5
    st_ctime = 0x652a25e5

bb_readdir(path="/", buf=0x38001850, filler=0x477c3ac0, offset=0, fi=0x473feb90)
    readdir returned 0x0x7fa9380093b0
calling filler with name foo
calling filler with name .
calling filler with name ..
    fi:
    flags = 0x00000000
    fh_old = 0x7fa938009380
    writepage = 0
    direct_io = 0
    keep_cache = 0
    fh = 0x00007fa938009380
    lock_owner = 0x0000000000000000

bb_releasedir(path="/", fi=0x473feb90)
    fi:
    flags = 0x00000000
    fh_old = 0x7fa938009380
    writepage = 0
    direct_io = 0
    keep_cache = 0
    fh = 0x00007fa938009380
    lock_owner = 0x0000000000000000

bb_getattr(path="/autorun.inf", statbuf=0x46bfdba0)
    bb_fullpath:  rootdir = "/home/asmita/OSLab2/asmitafileio/localroot", path = "/autorun.inf", fpath = "/home/asmita/OSLab2/asmitafileio/localroot/autorun.inf"
    lstat returned -1
    ERROR lstat: No such file or directory
    si:
    st_dev = 0
    st_ino = 0
    st_mode = 00
    st_nlink = 0
    st_uid = 0
    st_gid = 0
    st_rdev = 0
    st_size = 0
    st_blksize = 0
    st_blocks = 0
    st_atime = 0x00000000
    st_mtime = 0x00000000
    st_ctime = 0x00000000

bb_statfs(path="/", statv=0x463fcbd0)
    bb_fullpath:  rootdir = "/home/asmita/OSLab2/asmitafileio/localroot", path = "/", fpath = "/home/asmita/OSLab2/asmitafileio/localroot/"
    statvfs returned 0
    sv:
    f_bsize = 4096
    f_frsize = 4096
    f_blocks = 112970400
    f_bfree = 89350735
    f_bavail = 83593782
    f_files = 28770304
    f_ffree = 28338991
    f_favail = 28338991
    f_fsid = -5417830962175333319
    f_flag = 0x00001000
    f_namemax = 255

bb_destroy(userdata=0xbc6852a0)
